<?xml version="1.0" encoding="UTF-8"?>
<testsuite xmlns:xsi="http://www.w3.org/2001/XMLSchema-instance" xsi:noNamespaceSchemaLocation="https://maven.apache.org/surefire/maven-surefire-plugin/xsd/surefire-test-report.xsd" version="3.0.2" name="at.co.svc.agate.openapi.Phase2ParameterArrayTest" time="0.035" tests="4" errors="0" skipped="0" failures="0">
  <properties>
[...]
</properties>
  <testcase name="shouldGenerateArrayItemAboveMaxLengthCase" classname="at.co.svc.agate.openapi.Phase2ParameterArrayTest" time="0.01"/>
  <testcase name="shouldGenerateParameterMaxItemsCases" classname="at.co.svc.agate.openapi.Phase2ParameterArrayTest" time="0.004"/>
  <testcase name="shouldGenerateArrayItemMaxLengthCases" classname="at.co.svc.agate.openapi.Phase2ParameterArrayTest" time="0.003"/>
  <testcase name="shouldGenerateStableReadersUrlPlan" classname="at.co.svc.agate.openapi.Phase2ParameterArrayTest" time="0.005"/>
</testsuite>